<?xml version="1.0" encoding="UTF-8"?>
<!-- Generated by org.testng.reporters.JUnitReportReporter -->
<testsuite hostname="DESKTOP-V1HFTJ3" failures="0" tests="1" name="com.TestClass.loginTest" time="34.094" errors="0" timestamp="2022-12-10T11:31:38 IST" skipped="0">
  <testcase classname="com.TestClass.loginTest" name="Login" time="34.094"/>
  <system-out/>
</testsuite> <!-- com.TestClass.loginTest -->
