<?xml version="1.0" encoding="UTF-8"?>
<!-- Generated by org.testng.reporters.JUnitReportReporter -->
<testsuite hostname="DESKTOP-V1HFTJ3" failures="0" tests="5" name="com.TestClass.TestNgOrderofExecutionTest" time="0.025" errors="0" timestamp="2022-11-29T08:38:40 IST" skipped="0">
  <testcase classname="com.TestClass.TestNgOrderofExecutionTest" name="Mytest1" time="0.004"/>
  <system-out/>
  <testcase classname="com.TestClass.TestNgOrderofExecutionTest" name="Mytest4" time="0.001"/>
  <system-out/>
  <testcase classname="com.TestClass.TestNgOrderofExecutionTest" name="Mytest" time="0.011"/>
  <system-out/>
  <testcase classname="com.TestClass.TestNgOrderofExecutionTest" name="Mytest2" time="0.008"/>
  <system-out/>
  <testcase classname="com.TestClass.TestNgOrderofExecutionTest" name="Mytest3" time="0.001"/>
  <system-out/>
</testsuite> <!-- com.TestClass.TestNgOrderofExecutionTest -->
