<?xml version="1.0" encoding="UTF-8"?>
<!-- Generated by org.testng.reporters.JUnitReportReporter -->
<testsuite hostname="DESKTOP-V1HFTJ3" failures="0" tests="1" name="com.TestClass.loginTest" time="38.942" errors="0" timestamp="2022-12-10T09:16:03 IST" skipped="0">
  <testcase classname="com.TestClass.loginTest" name="Login" time="38.942"/>
  <system-out/>
</testsuite> <!-- com.TestClass.loginTest -->
