<?xml version="1.0" encoding="UTF-8"?>
<!-- Generated by org.testng.reporters.JUnitReportReporter -->
<testsuite hostname="DESKTOP-V1HFTJ3" failures="0" tests="1" name="com.base.InitBrowser" time="33.363" errors="0" timestamp="2022-11-11T21:16:10 IST" skipped="0">
  <testcase classname="com.base.InitBrowser" name="LaunchBrowser" time="33.363"/>
  <system-out/>
</testsuite> <!-- com.base.InitBrowser -->
