<?xml version="1.0" encoding="UTF-8"?>
<!-- Generated by org.testng.reporters.JUnitReportReporter -->
<testsuite hostname="DESKTOP-V1HFTJ3" failures="0" tests="1" name="com.TestClass.Mythra" time="6.235" errors="0" timestamp="2022-11-26T11:23:09 IST" skipped="0">
  <testcase classname="com.TestClass.Mythra" name="LoginPage" time="6.235"/>
  <system-out/>
</testsuite> <!-- com.TestClass.Mythra -->
